#
# There is insufficient memory for the Java Runtime Environment to continue.
# Native memory allocation (mmap) failed to map 264241152 bytes for G1 virtual space
# Possible reasons:
#   The system is out of physical RAM or swap space
#   The process is running with CompressedOops enabled, and the Java Heap may be blocking the growth of the native heap
# Possible solutions:
#   Reduce memory load on the system
#   Increase physical memory or swap space
#   Check if swap backing store is full
#   Decrease Java heap size (-Xmx/-Xms)
#   Decrease number of Java threads
#   Decrease Java thread stack sizes (-Xss)
#   Set larger code cache with -XX:ReservedCodeCacheSize=
#   JVM is running with Zero Based Compressed Oops mode in which the Java heap is
#     placed in the first 32GB address space. The Java Heap base address is the
#     maximum limit for the native heap growth. Please use -XX:HeapBaseMinAddress
#     to set the Java Heap base and to place the Java Heap above 32GB virtual address.
# This output file may be truncated or incomplete.
#
#  Out of Memory Error (os_windows.cpp:3548), pid=1740, tid=11448
#
# JRE version:  (17.0.13+10) (build )
# Java VM: Java HotSpot(TM) 64-Bit Server VM (17.0.13+10-LTS-268, mixed mode, sharing, tiered, compressed oops, compressed class ptrs, g1 gc, windows-amd64)
# No core dump will be written. Minidumps are not enabled by default on client versions of Windows
#

---------------  S U M M A R Y ------------

Command Line: -Dfile.encoding=UTF-8 -Dstdout.encoding=UTF-8 -Dstderr.encoding=UTF-8 -XX:+ShowCodeDetailsInExceptionMessages com.neusoft.SP01.Sp01Application

Host: 12th Gen Intel(R) Core(TM) i5-12500H, 16 cores, 15G,  Windows 11 , 64 bit Build 22621 (10.0.22621.5415)
Time: Tue Jul 15 11:27:14 2025  Windows 11 , 64 bit Build 22621 (10.0.22621.5415) elapsed time: 0.008367 seconds (0d 0h 0m 0s)

---------------  T H R E A D  ---------------

Current thread (0x000001c5fc542730):  JavaThread "Unknown thread" [_thread_in_vm, id=11448, stack(0x0000004256c00000,0x0000004256d00000)]

Stack: [0x0000004256c00000,0x0000004256d00000]
Native frames: (J=compiled Java code, j=interpreted, Vv=VM code, C=native code)
V  [jvm.dll+0x67a23a]
V  [jvm.dll+0x7da96d]
V  [jvm.dll+0x7dc2b3]
V  [jvm.dll+0x7dc923]
V  [jvm.dll+0x2450ef]
V  [jvm.dll+0x677279]
V  [jvm.dll+0x66bf22]
V  [jvm.dll+0x302006]
V  [jvm.dll+0x3095a6]
V  [jvm.dll+0x359e9e]
V  [jvm.dll+0x35a0cf]
V  [jvm.dll+0x2d90d8]
V  [jvm.dll+0x2da044]
V  [jvm.dll+0x7ace81]
V  [jvm.dll+0x367701]
V  [jvm.dll+0x78bcc9]
V  [jvm.dll+0x3ec9bf]
V  [jvm.dll+0x3ee5f1]
C  [jli.dll+0x5297]
C  [ucrtbase.dll+0x29333]
C  [KERNEL32.DLL+0x1259d]
C  [ntdll.dll+0x5af78]


---------------  P R O C E S S  ---------------

Threads class SMR info:
_java_thread_list=0x00007ffb2b768a18, length=0, elements={
}

Java Threads: ( => current thread )

Other Threads:
  0x000001c5fc5af2c0 GCTaskThread "GC Thread#0" [stack: 0x0000004256d00000,0x0000004256e00000] [id=2240]
  0x000001c5fc5c0c30 ConcurrentGCThread "G1 Main Marker" [stack: 0x0000004256e00000,0x0000004256f00000] [id=20288]
  0x000001c5fc5c2df0 ConcurrentGCThread "G1 Conc#0" [stack: 0x0000004256f00000,0x0000004257000000] [id=2248]

[error occurred during error reporting (printing all threads), id 0xc0000005, EXCEPTION_ACCESS_VIOLATION (0xc0000005) at pc=0x00007ffb2af99bc7]

VM state: not at safepoint (not fully initialized)

VM Mutex/Monitor currently owned by a thread:  ([mutex/lock_event])
[0x000001c5fc53efa0] Heap_lock - owner thread: 0x000001c5fc542730

Heap address: 0x0000000705e00000, size: 4002 MB, Compressed Oops mode: Zero based, Oop shift amount: 3

CDS archive(s) mapped at: [0x0000000000000000-0x0000000000000000-0x0000000000000000), size 0, SharedBaseAddress: 0x0000000800000000, ArchiveRelocationMode: 1.
Narrow klass base: 0x0000000000000000, Narrow klass shift: 0, Narrow klass range: 0x0

GC Precious Log:
<Empty>

Heap:
 garbage-first heap   total 0K, used 0K [0x0000000705e00000, 0x0000000800000000)
  region size 2048K, 0 young (0K), 0 survivors (0K)

[error occurred during error reporting (printing heap information), id 0xc0000005, EXCEPTION_ACCESS_VIOLATION (0xc0000005) at pc=0x00007ffb2b383a29]

GC Heap History (0 events):
No events

Deoptimization events (0 events):
No events

Classes unloaded (0 events):
No events

Classes redefined (0 events):
No events

Internal exceptions (0 events):
No events

VM Operations (0 events):
No events

Events (1 events):
Event: 0.006 Loaded shared library C:\Program Files\Java\jdk-17\bin\java.dll


Dynamic libraries:
0x00007ff7762b0000 - 0x00007ff7762c0000 	C:\Program Files\Java\jdk-17\bin\javaw.exe
0x00007ffb86130000 - 0x00007ffb86347000 	C:\WINDOWS\SYSTEM32\ntdll.dll
0x00007ffb849e0000 - 0x00007ffb84aa4000 	C:\WINDOWS\System32\KERNEL32.DLL
0x00007ffb83690000 - 0x00007ffb83a62000 	C:\WINDOWS\System32\KERNELBASE.dll
0x00007ffb834a0000 - 0x00007ffb835b1000 	C:\WINDOWS\System32\ucrtbase.dll
0x00007ffb73bf0000 - 0x00007ffb73c0b000 	C:\Program Files\Java\jdk-17\bin\VCRUNTIME140.dll
0x00007ffb74250000 - 0x00007ffb74269000 	C:\Program Files\Java\jdk-17\bin\jli.dll
0x00007ffb85c50000 - 0x00007ffb85d01000 	C:\WINDOWS\System32\ADVAPI32.dll
0x00007ffb84b20000 - 0x00007ffb84bc7000 	C:\WINDOWS\System32\msvcrt.dll
0x00007ffb85700000 - 0x00007ffb857a8000 	C:\WINDOWS\System32\sechost.dll
0x00007ffb83a70000 - 0x00007ffb83a98000 	C:\WINDOWS\System32\bcrypt.dll
0x00007ffb84bd0000 - 0x00007ffb84ce4000 	C:\WINDOWS\System32\RPCRT4.dll
0x00007ffb847a0000 - 0x00007ffb84951000 	C:\WINDOWS\System32\USER32.dll
0x00007ffb835c0000 - 0x00007ffb835e6000 	C:\WINDOWS\System32\win32u.dll
0x00007ffb6bb80000 - 0x00007ffb6be1b000 	C:\WINDOWS\WinSxS\amd64_microsoft.windows.common-controls_6595b64144ccf1df_6.0.22621.5547_none_27104afb73855772\COMCTL32.dll
0x00007ffb84760000 - 0x00007ffb84789000 	C:\WINDOWS\System32\GDI32.dll
0x00007ffb83c90000 - 0x00007ffb83db3000 	C:\WINDOWS\System32\gdi32full.dll
0x00007ffb835f0000 - 0x00007ffb8368a000 	C:\WINDOWS\System32\msvcp_win.dll
0x00007ffb7a760000 - 0x00007ffb7a76a000 	C:\WINDOWS\SYSTEM32\VERSION.dll
0x00007ffb860b0000 - 0x00007ffb860e1000 	C:\WINDOWS\System32\IMM32.DLL
0x00007ffb741f0000 - 0x00007ffb741fc000 	C:\Program Files\Java\jdk-17\bin\vcruntime140_1.dll
0x00007ffb73450000 - 0x00007ffb734de000 	C:\Program Files\Java\jdk-17\bin\msvcp140.dll
0x00007ffb2acb0000 - 0x00007ffb2b891000 	C:\Program Files\Java\jdk-17\bin\server\jvm.dll
0x00007ffb84790000 - 0x00007ffb84798000 	C:\WINDOWS\System32\PSAPI.DLL
0x00007ffb7b120000 - 0x00007ffb7b154000 	C:\WINDOWS\SYSTEM32\WINMM.dll
0x00007ffb6a640000 - 0x00007ffb6a649000 	C:\WINDOWS\SYSTEM32\WSOCK32.dll
0x00007ffb85fc0000 - 0x00007ffb86031000 	C:\WINDOWS\System32\WS2_32.dll
0x00007ffb822d0000 - 0x00007ffb822e8000 	C:\WINDOWS\SYSTEM32\kernel.appcore.dll
0x00007ffb73b90000 - 0x00007ffb73b9a000 	C:\Program Files\Java\jdk-17\bin\jimage.dll
0x00007ffb80ad0000 - 0x00007ffb80d03000 	C:\WINDOWS\SYSTEM32\DBGHELP.DLL
0x00007ffb84cf0000 - 0x00007ffb85083000 	C:\WINDOWS\System32\combase.dll
0x00007ffb858c0000 - 0x00007ffb85997000 	C:\WINDOWS\System32\OLEAUT32.dll
0x00007ffb78b70000 - 0x00007ffb78ba2000 	C:\WINDOWS\SYSTEM32\dbgcore.DLL
0x00007ffb83c10000 - 0x00007ffb83c8b000 	C:\WINDOWS\System32\bcryptPrimitives.dll
0x00007ffb69bd0000 - 0x00007ffb69bf5000 	C:\Program Files\Java\jdk-17\bin\java.dll

dbghelp: loaded successfully - version: 4.0.5 - missing functions: none
symbol engine: initialized successfully - sym options: 0x614 - pdb path: .;C:\Program Files\Java\jdk-17\bin;C:\WINDOWS\SYSTEM32;C:\WINDOWS\WinSxS\amd64_microsoft.windows.common-controls_6595b64144ccf1df_6.0.22621.5547_none_27104afb73855772;C:\Program Files\Java\jdk-17\bin\server

VM Arguments:
jvm_args: -Dfile.encoding=UTF-8 -Dstdout.encoding=UTF-8 -Dstderr.encoding=UTF-8 -XX:+ShowCodeDetailsInExceptionMessages 
java_command: com.neusoft.SP01.Sp01Application
java_class_path (initial): D:\code\YYZX\target\classes;D:\mvn399\org\springframework\boot\spring-boot-starter-data-redis\3.2.4\spring-boot-starter-data-redis-3.2.4.jar;D:\mvn399\org\springframework\boot\spring-boot-starter\3.2.4\spring-boot-starter-3.2.4.jar;D:\mvn399\org\springframework\boot\spring-boot-starter-logging\3.2.4\spring-boot-starter-logging-3.2.4.jar;D:\mvn399\ch\qos\logback\logback-classic\1.4.14\logback-classic-1.4.14.jar;D:\mvn399\ch\qos\logback\logback-core\1.4.14\logback-core-1.4.14.jar;D:\mvn399\org\apache\logging\log4j\log4j-to-slf4j\2.21.1\log4j-to-slf4j-2.21.1.jar;D:\mvn399\org\apache\logging\log4j\log4j-api\2.21.1\log4j-api-2.21.1.jar;D:\mvn399\org\slf4j\jul-to-slf4j\2.0.12\jul-to-slf4j-2.0.12.jar;D:\mvn399\jakarta\annotation\jakarta.annotation-api\2.1.1\jakarta.annotation-api-2.1.1.jar;D:\mvn399\org\yaml\snakeyaml\2.2\snakeyaml-2.2.jar;D:\mvn399\io\lettuce\lettuce-core\6.3.2.RELEASE\lettuce-core-6.3.2.RELEASE.jar;D:\mvn399\io\netty\netty-common\4.1.107.Final\netty-common-4.1.107.Final.jar;D:\mvn399\io\netty\netty-handler\4.1.107.Final\netty-handler-4.1.107.Final.jar;D:\mvn399\io\netty\netty-resolver\4.1.107.Final\netty-resolver-4.1.107.Final.jar;D:\mvn399\io\netty\netty-buffer\4.1.107.Final\netty-buffer-4.1.107.Final.jar;D:\mvn399\io\netty\netty-transport-native-unix-common\4.1.107.Final\netty-transport-native-unix-common-4.1.107.Final.jar;D:\mvn399\io\netty\netty-codec\4.1.107.Final\netty-codec-4.1.107.Final.jar;D:\mvn399\io\netty\netty-transport\4.1.107.Final\netty-transport-4.1.107.Final.jar;D:\mvn399\io\projectreactor\reactor-core\3.6.4\reactor-core-3.6.4.jar;D:\mvn399\org\reactivestreams\reactive-streams\1.0.4\reactive-streams-1.0.4.jar;D:\mvn399\org\springframework\data\spring-data-redis\3.2.4\spring-data-redis-3.2.4.jar;D:\mvn399\org\springframework\data\spring-data-keyvalue\3.2.4\spring-data-keyvalue-3.2.4.jar;D:\mvn399\org\springframework\data\spring-data-commons\3.2.4\spring-data-commons-3.2.4.jar;D:\mvn399\org\springframework\spr
Launcher Type: SUN_STANDARD

[Global flags]
     intx CICompilerCount                          = 12                                        {product} {ergonomic}
     uint ConcGCThreads                            = 3                                         {product} {ergonomic}
     uint G1ConcRefinementThreads                  = 13                                        {product} {ergonomic}
   size_t G1HeapRegionSize                         = 2097152                                   {product} {ergonomic}
    uintx GCDrainStackTargetSize                   = 64                                        {product} {ergonomic}
   size_t InitialHeapSize                          = 264241152                                 {product} {ergonomic}
   size_t MarkStackSize                            = 4194304                                   {product} {ergonomic}
   size_t MaxHeapSize                              = 4196401152                                {product} {ergonomic}
   size_t MinHeapDeltaBytes                        = 2097152                                   {product} {ergonomic}
   size_t MinHeapSize                              = 8388608                                   {product} {ergonomic}
    uintx NonNMethodCodeHeapSize                   = 7602480                                {pd product} {ergonomic}
    uintx NonProfiledCodeHeapSize                  = 122027880                              {pd product} {ergonomic}
    uintx ProfiledCodeHeapSize                     = 122027880                              {pd product} {ergonomic}
    uintx ReservedCodeCacheSize                    = 251658240                              {pd product} {ergonomic}
     bool SegmentedCodeCache                       = true                                      {product} {ergonomic}
     bool ShowCodeDetailsInExceptionMessages       = true                                   {manageable} {command line}
   size_t SoftMaxHeapSize                          = 4196401152                             {manageable} {ergonomic}
     bool UseCompressedClassPointers               = true                           {product lp64_product} {ergonomic}
     bool UseCompressedOops                        = true                           {product lp64_product} {ergonomic}
     bool UseG1GC                                  = true                                      {product} {ergonomic}
     bool UseLargePagesIndividualAllocation        = false                                  {pd product} {ergonomic}

Logging:
Log output configuration:
 #0: stdout all=warning uptime,level,tags
 #1: stderr all=off uptime,level,tags

Environment Variables:
JAVA_HOME=C:\Program Files\Java\jdk-17
CLASSPATH=.;C:\Program Files\Java\jdk-17\lib\dt.jar;C:\Program Files\Java\jdk-17\lib\tools.jar;
PATH=E:/sts-4.30.0.RELEASE//plugins/org.eclipse.justj.openjdk.hotspot.jre.full.win32.x86_64_21.0.6.v20250130-0529/jre/bin/server;E:/sts-4.30.0.RELEASE//plugins/org.eclipse.justj.openjdk.hotspot.jre.full.win32.x86_64_21.0.6.v20250130-0529/jre/bin;C:\Program Files\Common Files\Oracle\Java\javapath;D:\CUDA_manage\CUDA11.6\CUDA1\bin;D:\CUDA_manage\CUDA11.6\CUDA1\libnvvp;C:\Windows\system32;C:\Windows;C:\Windows\System32\Wbem;C:\Windows\System32\WindowsPowerShell\v1.0\;C:\Windows\System32\OpenSSH\;C:\Program Files (x86)\NVIDIA Corporation\PhysX\Common;C:\Program Files\NVIDIA Corporation\NVIDIA NvDLISR;C:\Program Files\dotnet\;C:\WINDOWS\system32;C:\WINDOWS;C:\WINDOWS\System32\Wbem;C:\WINDOWS\System32\WindowsPowerShell\v1.0\;C:\WINDOWS\System32\OpenSSH\;C:\Program Files\Java\jdk-17\bin;C:\Users\xinglu\AppData\Roaming\Microsoft\Windows\Start Menu\Programs\Python 3.10;E:\texlive\20;E:\texlive\2024\bin\windows;D:\allure-2.29.0\bin;C:\Program Files\nodejs\;C:\Program Files\Git\cmd;C:\Program Files\NVIDIA Corporation\Nsight Compute 2022.1.0\;D:\apache-maven-3.9.9\bin;E:\ProgramData\anaconda3\Library\mingw-w64\bin;E:\ProgramData\anaconda3;E:\ProgramData\anaconda3\Scripts;E:\ProgramData\anaconda3\Library\bin;C:\Users\xinglu\.conda\envs\ufl;C:\Users\xinglu\.conda\envs\ufl\Scripts;C:\Users\xinglu\AppData\Local\Microsoft\WindowsApps;D:\PyCharm Community Edition 2024.1.1\bin;;D:\Microsoft VS Code\bin;E:\texlive\2024\bin\windows;D:\allure-2.29.0\bin;C:\Users\xinglu\AppData\Roaming\npm;D:\PyCharm 2025.1.2\bin;;E:\sts-4.30.0.RELEASE;
USERNAME=xinglu
OS=Windows_NT
PROCESSOR_IDENTIFIER=Intel64 Family 6 Model 154 Stepping 3, GenuineIntel



---------------  S Y S T E M  ---------------

OS:
 Windows 11 , 64 bit Build 22621 (10.0.22621.5415)
OS uptime: 0 days 2:03 hours
Hyper-V role detected

CPU: total 16 (initial active 16) (8 cores per cpu, 2 threads per core) family 6 model 154 stepping 3 microcode 0x41c, cx8, cmov, fxsr, ht, mmx, 3dnowpref, sse, sse2, sse3, ssse3, sse4.1, sse4.2, popcnt, lzcnt, tsc, tscinvbit, avx, avx2, aes, erms, clmul, bmi1, bmi2, adx, sha, fma, vzeroupper, clflush, clflushopt, clwb, hv

Memory: 4k page, system-wide physical 16005M (1284M free)
TotalPageFile size 20101M (AvailPageFile size 183M)
current process WorkingSet (physical memory assigned to process): 12M, peak: 12M
current process commit charge ("private bytes"): 70M, peak: 322M

vm_info: Java HotSpot(TM) 64-Bit Server VM (17.0.13+10-LTS-268) for windows-amd64 JRE (17.0.13+10-LTS-268), built on Sep 30 2024 06:33:13 by "mach5one" with MS VC++ 17.6 (VS2022)

END.
